[debug] [2026-04-02T20:42:20.968Z] ----------------------------------------------------------------------
[debug] [2026-04-02T20:42:20.977Z] Command:       C:\Program Files\nodejs\node.exe C:\Users\LENOVO\AppData\Roaming\npm\node_modules\firebase-tools\lib\bin\firebase.js init
[debug] [2026-04-02T20:42:20.978Z] CLI Version:   15.12.0
[debug] [2026-04-02T20:42:20.978Z] Platform:      win32
[debug] [2026-04-02T20:42:20.979Z] Node Version:  v24.13.1
[debug] [2026-04-02T20:42:20.979Z] Time:          Fri Apr 03 2026 02:12:20 GMT+0530 (India Standard Time)
[debug] [2026-04-02T20:42:20.980Z] ----------------------------------------------------------------------
[debug] 
[debug] [2026-04-02T20:42:20.987Z] >>> [apiv2][query] GET https://firebase-public.firebaseio.com/cli.json [none]
[info] 
     ######## #### ########  ######## ########     ###     ######  ########
     ##        ##  ##     ## ##       ##     ##  ##   ##  ##       ##
     ######    ##  ########  ######   ########  #########  ######  ######
     ##        ##  ##    ##  ##       ##     ## ##     ##       ## ##
     ##       #### ##     ## ######## ########  ##     ##  ######  ########

You're about to initialize a Firebase project in this directory:

  D:\YELLUMGUDLA MANI SHANKAR\Smart Public Complaint Priority and Response System\backend

[debug] [2026-04-02T20:42:24.058Z] <<< [apiv2][status] GET https://firebase-public.firebaseio.com/cli.json 200
[debug] [2026-04-02T20:42:24.058Z] <<< [apiv2][body] GET https://firebase-public.firebaseio.com/cli.json {"cloudBuildErrorAfter":1594252800000,"cloudBuildWarnAfter":1590019200000,"defaultNode10After":1594252800000,"minVersion":"3.0.5","node8DeploysDisabledAfter":1613390400000,"node8RuntimeDisabledAfter":1615809600000,"node8WarnAfter":1600128000000}
[debug] [2026-04-02T20:43:36.299Z] ExitPromptError: User force closed the prompt with SIGINT
    at Interface.sigint (C:\Users\LENOVO\AppData\Roaming\npm\node_modules\firebase-tools\node_modules\@inquirer\core\dist\commonjs\lib\create-prompt.js:101:37)
    at Interface.emit (node:events:508:28)
    at [_ttyWrite] [as _ttyWrite] (node:internal/readline/interface:1327:18)
    at ReadStream.onkeypress (node:internal/readline/interface:284:20)
    at ReadStream.emit (node:events:520:35)
    at emitKeys (node:internal/readline/utils:371:14)
    at emitKeys.next (<anonymous>)
    at ReadStream.onData (node:internal/readline/emitKeypressEvents:64:36)
    at ReadStream.emit (node:events:508:28)
    at addChunk (node:internal/streams/readable:559:12)
[error] 
[error] Error: An unexpected error has occurred.
